<?xml version="1.0" encoding="UTF-8"?>
<testsuite name="hello.TestGreeter" tests="2" skipped="0" failures="0" errors="0" timestamp="2019-10-04T00:20:20" hostname="TinyComputah" time="0.013">
  <properties/>
  <testcase name="testGreeter()" classname="hello.TestGreeter" time="0.011"/>
  <testcase name="testGreeterEmpty()" classname="hello.TestGreeter" time="0.0"/>
  <system-out><![CDATA[]]></system-out>
  <system-err><![CDATA[]]></system-err>
</testsuite>
